<?xml version="1.0" encoding="UTF-8" ?>
<testsuite errors="0" failures="0" hostname="Cristi-PC" name="test.ProjectSpec" tests="4" time="3.505" timestamp="2015-02-22T22:14:46">
  <properties />
  <testcase classname="test.ProjectSpec" name="validate name and code alphanumeric fields" time="0.821" />
  <testcase classname="test.ProjectSpec" name="validate nullable fields" time="0.285" />
  <testcase classname="test.ProjectSpec" name="validate priority range - add new project" time="2.06" />
  <testcase classname="test.ProjectSpec" name="validate priority range - update project" time="0.324" />
  <system-out><![CDATA[--Output from validate name and code alphanumeric fields--
--Output from validate nullable fields--
--Output from validate priority range - add new project--
--Output from validate priority range - update project--
]]></system-out>
  <system-err><![CDATA[--Output from validate name and code alphanumeric fields--
--Output from validate nullable fields--
--Output from validate priority range - add new project--
--Output from validate priority range - update project--
]]></system-err>
</testsuite>
